<?xml version="1.0" encoding="UTF-8"?>
<!-- Generated by org.testng.reporters.JUnitXMLReporter -->
<testsuite ignored="0" hostname="DESKTOP-1NKB3IL" failures="0" tests="3" name="Default test" time="2.886" errors="0" timestamp="2022-05-13T16:02:46 IST">
  <testcase classname="com.manish.DynamicJSon" name="AddBook" time="2.552"/>
  <testcase classname="com.manish.DynamicJSon" name="AddBook" time="0.146"/>
  <testcase classname="com.manish.DynamicJSon" name="AddBook" time="0.137"/>
</testsuite> <!-- Default test -->
