<?xml version="1.0" encoding="UTF-8"?>
<testng-results ignored="0" total="3" passed="3" failed="0" skipped="0">
  <reporter-output>
  </reporter-output>
  <suite started-at="2022-05-13T16:02:43 IST" name="Default suite" finished-at="2022-05-13T16:02:46 IST" duration-ms="2886">
    <groups>
    </groups>
    <test started-at="2022-05-13T16:02:43 IST" name="Default test" finished-at="2022-05-13T16:02:46 IST" duration-ms="2886">
      <class name="com.manish.DynamicJSon">
        <test-method signature="AddBook(java.lang.String,java.lang.String)[pri:0, instance:com.manish.DynamicJSon@ea6147e]" started-at="2022-05-13T16:02:43 IST" name="AddBook" data-provider="Bookdata" finished-at="2022-05-13T16:02:46 IST" duration-ms="2552" status="PASS">
          <params>
            <param index="0">
              <value>
                <![CDATA[ojfty]]>
              </value>
            </param>
            <param index="1">
              <value>
                <![CDATA[22311]]>
              </value>
            </param>
          </params>
          <reporter-output>
          </reporter-output>
        </test-method> <!-- AddBook -->
        <test-method signature="AddBook(java.lang.String,java.lang.String)[pri:0, instance:com.manish.DynamicJSon@ea6147e]" started-at="2022-05-13T16:02:46 IST" name="AddBook" data-provider="Bookdata" finished-at="2022-05-13T16:02:46 IST" duration-ms="146" status="PASS">
          <params>
            <param index="0">
              <value>
                <![CDATA[aadwe]]>
              </value>
            </param>
            <param index="1">
              <value>
                <![CDATA[57535]]>
              </value>
            </param>
          </params>
          <reporter-output>
          </reporter-output>
        </test-method> <!-- AddBook -->
        <test-method signature="AddBook(java.lang.String,java.lang.String)[pri:0, instance:com.manish.DynamicJSon@ea6147e]" started-at="2022-05-13T16:02:46 IST" name="AddBook" data-provider="Bookdata" finished-at="2022-05-13T16:02:46 IST" duration-ms="137" status="PASS">
          <params>
            <param index="0">
              <value>
                <![CDATA[chdfb]]>
              </value>
            </param>
            <param index="1">
              <value>
                <![CDATA[12246]]>
              </value>
            </param>
          </params>
          <reporter-output>
          </reporter-output>
        </test-method> <!-- AddBook -->
      </class> <!-- com.manish.DynamicJSon -->
    </test> <!-- Default test -->
  </suite> <!-- Default suite -->
</testng-results>
